\BOOKMARK [1][-]{section.1}{Introduction}{}% 1
\BOOKMARK [1][-]{section.2}{Hardware}{}% 2
\BOOKMARK [2][-]{subsection.2.1}{Main Board}{section.2}% 3
\BOOKMARK [2][-]{subsection.2.2}{Sensors}{section.2}% 4
\BOOKMARK [2][-]{subsection.2.3}{Configuration}{section.2}% 5
\BOOKMARK [3][-]{subsubsection.2.3.1}{Pi Camera}{subsection.2.3}% 6
\BOOKMARK [3][-]{subsubsection.2.3.2}{Hardware PWM}{subsection.2.3}% 7
\BOOKMARK [1][-]{section.3}{Mechanical Architecture}{}% 8
\BOOKMARK [2][-]{subsection.3.1}{Reasons of an Overhaul}{section.3}% 9
\BOOKMARK [3][-]{subsubsection.3.1.1}{Problems identified and changes to be expected}{subsection.3.1}% 10
\BOOKMARK [2][-]{subsection.3.2}{Front Wheel Steering}{section.3}% 11
\BOOKMARK [2][-]{subsection.3.3}{Front Camera Support}{section.3}% 12
\BOOKMARK [2][-]{subsection.3.4}{Component Hosting Box}{section.3}% 13
\BOOKMARK [2][-]{subsection.3.5}{Expectations and Reality}{section.3}% 14
\BOOKMARK [1][-]{section.4}{Image Processing}{}% 15
\BOOKMARK [2][-]{subsection.4.1}{Data logging}{section.4}% 16
\BOOKMARK [2][-]{subsection.4.2}{pre binarization treatment}{section.4}% 17
\BOOKMARK [2][-]{subsection.4.3}{binarization}{section.4}% 18
\BOOKMARK [2][-]{subsection.4.4}{post binarization treatment}{section.4}% 19
\BOOKMARK [2][-]{subsection.4.5}{find the center of the line}{section.4}% 20
\BOOKMARK [1][-]{section.5}{Explications}{}% 21
\BOOKMARK [1][-]{section.6}{Resultats}{}% 22
\BOOKMARK [1][-]{section.7}{Discussions et Conclusion}{}% 23
\BOOKMARK [1][-]{appendix.A}{Appendix}{}% 24
